<?xml version="1.0" encoding="UTF-8"?>
<testsuite xmlns:xsi="http://www.w3.org/2001/XMLSchema-instance" xsi:noNamespaceSchemaLocation="https://maven.apache.org/surefire/maven-surefire-plugin/xsd/surefire-test-report-3.0.xsd" version="3.0" name="runner.runner" time="7.804" tests="1" errors="0" skipped="0" failures="0">
  <properties>
    <property name="sun.desktop" value="gnome"/>
    <property name="awt.toolkit" value="sun.awt.X11.XToolkit"/>
    <property name="java.specification.version" value="11"/>
    <property name="sun.cpu.isalist" value=""/>
    <property name="sun.jnu.encoding" value="UTF-8"/>
    <property name="java.class.path" value="/home/ubuntu/Proyectos/PruebasJenkins/PracticaSEL/target/test-classes:/home/ubuntu/Proyectos/PruebasJenkins/PracticaSEL/target/classes:/home/ubuntu/.m2/repository/org/seleniumhq/selenium/selenium-java/4.18.0/selenium-java-4.18.0.jar:/home/ubuntu/.m2/repository/org/seleniumhq/selenium/selenium-api/4.18.0/selenium-api-4.18.0.jar:/home/ubuntu/.m2/repository/org/seleniumhq/selenium/selenium-chrome-driver/4.18.0/selenium-chrome-driver-4.18.0.jar:/home/ubuntu/.m2/repository/com/google/auto/service/auto-service-annotations/1.1.1/auto-service-annotations-1.1.1.jar:/home/ubuntu/.m2/repository/org/seleniumhq/selenium/selenium-chromium-driver/4.18.0/selenium-chromium-driver-4.18.0.jar:/home/ubuntu/.m2/repository/org/seleniumhq/selenium/selenium-json/4.18.0/selenium-json-4.18.0.jar:/home/ubuntu/.m2/repository/org/seleniumhq/selenium/selenium-manager/4.18.0/selenium-manager-4.18.0.jar:/home/ubuntu/.m2/repository/org/seleniumhq/selenium/selenium-devtools-v119/4.18.0/selenium-devtools-v119-4.18.0.jar:/home/ubuntu/.m2/repository/org/seleniumhq/selenium/selenium-devtools-v120/4.18.0/selenium-devtools-v120-4.18.0.jar:/home/ubuntu/.m2/repository/org/seleniumhq/selenium/selenium-devtools-v121/4.18.0/selenium-devtools-v121-4.18.0.jar:/home/ubuntu/.m2/repository/org/seleniumhq/selenium/selenium-devtools-v85/4.18.0/selenium-devtools-v85-4.18.0.jar:/home/ubuntu/.m2/repository/org/seleniumhq/selenium/selenium-edge-driver/4.18.0/selenium-edge-driver-4.18.0.jar:/home/ubuntu/.m2/repository/org/seleniumhq/selenium/selenium-firefox-driver/4.18.0/selenium-firefox-driver-4.18.0.jar:/home/ubuntu/.m2/repository/org/seleniumhq/selenium/selenium-http/4.18.0/selenium-http-4.18.0.jar:/home/ubuntu/.m2/repository/dev/failsafe/failsafe/3.3.2/failsafe-3.3.2.jar:/home/ubuntu/.m2/repository/org/seleniumhq/selenium/selenium-ie-driver/4.18.0/selenium-ie-driver-4.18.0.jar:/home/ubuntu/.m2/repository/org/seleniumhq/selenium/selenium-remote-driver/4.18.0/selenium-remote-driver-4.18.0.jar:/home/ubuntu/.m2/repository/com/google/guava/guava/33.0.0-jre/guava-33.0.0-jre.jar:/home/ubuntu/.m2/repository/com/google/guava/failureaccess/1.0.2/failureaccess-1.0.2.jar:/home/ubuntu/.m2/repository/com/google/guava/listenablefuture/9999.0-empty-to-avoid-conflict-with-guava/listenablefuture-9999.0-empty-to-avoid-conflict-with-guava.jar:/home/ubuntu/.m2/repository/com/google/code/findbugs/jsr305/3.0.2/jsr305-3.0.2.jar:/home/ubuntu/.m2/repository/org/checkerframework/checker-qual/3.41.0/checker-qual-3.41.0.jar:/home/ubuntu/.m2/repository/com/google/errorprone/error_prone_annotations/2.23.0/error_prone_annotations-2.23.0.jar:/home/ubuntu/.m2/repository/com/google/j2objc/j2objc-annotations/2.8/j2objc-annotations-2.8.jar:/home/ubuntu/.m2/repository/io/opentelemetry/semconv/opentelemetry-semconv/1.23.1-alpha/opentelemetry-semconv-1.23.1-alpha.jar:/home/ubuntu/.m2/repository/io/opentelemetry/opentelemetry-api/1.35.0/opentelemetry-api-1.35.0.jar:/home/ubuntu/.m2/repository/io/opentelemetry/opentelemetry-context/1.35.0/opentelemetry-context-1.35.0.jar:/home/ubuntu/.m2/repository/io/opentelemetry/opentelemetry-exporter-logging/1.35.0/opentelemetry-exporter-logging-1.35.0.jar:/home/ubuntu/.m2/repository/io/opentelemetry/opentelemetry-sdk-common/1.35.0/opentelemetry-sdk-common-1.35.0.jar:/home/ubuntu/.m2/repository/io/opentelemetry/opentelemetry-sdk-extension-autoconfigure-spi/1.35.0/opentelemetry-sdk-extension-autoconfigure-spi-1.35.0.jar:/home/ubuntu/.m2/repository/io/opentelemetry/opentelemetry-sdk-extension-autoconfigure/1.35.0/opentelemetry-sdk-extension-autoconfigure-1.35.0.jar:/home/ubuntu/.m2/repository/io/opentelemetry/opentelemetry-api-events/1.35.0-alpha/opentelemetry-api-events-1.35.0-alpha.jar:/home/ubuntu/.m2/repository/io/opentelemetry/opentelemetry-sdk-trace/1.35.0/opentelemetry-sdk-trace-1.35.0.jar:/home/ubuntu/.m2/repository/io/opentelemetry/opentelemetry-extension-incubator/1.35.0-alpha/opentelemetry-extension-incubator-1.35.0-alpha.jar:/home/ubuntu/.m2/repository/io/opentelemetry/opentelemetry-sdk/1.35.0/opentelemetry-sdk-1.35.0.jar:/home/ubuntu/.m2/repository/io/opentelemetry/opentelemetry-sdk-metrics/1.35.0/opentelemetry-sdk-metrics-1.35.0.jar:/home/ubuntu/.m2/repository/io/opentelemetry/opentelemetry-sdk-logs/1.35.0/opentelemetry-sdk-logs-1.35.0.jar:/home/ubuntu/.m2/repository/net/bytebuddy/byte-buddy/1.14.12/byte-buddy-1.14.12.jar:/home/ubuntu/.m2/repository/org/seleniumhq/selenium/selenium-os/4.18.0/selenium-os-4.18.0.jar:/home/ubuntu/.m2/repository/org/apache/commons/commons-exec/1.3/commons-exec-1.3.jar:/home/ubuntu/.m2/repository/org/seleniumhq/selenium/selenium-safari-driver/4.18.0/selenium-safari-driver-4.18.0.jar:/home/ubuntu/.m2/repository/org/seleniumhq/selenium/selenium-support/4.18.0/selenium-support-4.18.0.jar:/home/ubuntu/.m2/repository/org/apache/maven/plugins/maven-surefire-plugin/3.2.5/maven-surefire-plugin-3.2.5.jar:/home/ubuntu/.m2/repository/org/apache/maven/surefire/maven-surefire-common/3.2.5/maven-surefire-common-3.2.5.jar:/home/ubuntu/.m2/repository/org/apache/maven/surefire/surefire-api/3.2.5/surefire-api-3.2.5.jar:/home/ubuntu/.m2/repository/org/apache/maven/surefire/surefire-logger-api/3.2.5/surefire-logger-api-3.2.5.jar:/home/ubuntu/.m2/repository/org/apache/maven/surefire/surefire-extensions-api/3.2.5/surefire-extensions-api-3.2.5.jar:/home/ubuntu/.m2/repository/org/apache/maven/surefire/surefire-booter/3.2.5/surefire-booter-3.2.5.jar:/home/ubuntu/.m2/repository/org/apache/maven/surefire/surefire-extensions-spi/3.2.5/surefire-extensions-spi-3.2.5.jar:/home/ubuntu/.m2/repository/org/eclipse/aether/aether-util/1.0.0.v20140518/aether-util-1.0.0.v20140518.jar:/home/ubuntu/.m2/repository/org/eclipse/aether/aether-api/1.0.0.v20140518/aether-api-1.0.0.v20140518.jar:/home/ubuntu/.m2/repository/org/apache/maven/shared/maven-common-artifact-filters/3.1.1/maven-common-artifact-filters-3.1.1.jar:/home/ubuntu/.m2/repository/org/apache/maven/maven-artifact/3.1.0/maven-artifact-3.1.0.jar:/home/ubuntu/.m2/repository/org/codehaus/plexus/plexus-utils/3.0.10/plexus-utils-3.0.10.jar:/home/ubuntu/.m2/repository/org/apache/maven/maven-core/3.1.0/maven-core-3.1.0.jar:/home/ubuntu/.m2/repository/org/apache/maven/maven-settings/3.1.0/maven-settings-3.1.0.jar:/home/ubuntu/.m2/repository/org/apache/maven/maven-settings-builder/3.1.0/maven-settings-builder-3.1.0.jar:/home/ubuntu/.m2/repository/org/apache/maven/maven-repository-metadata/3.1.0/maven-repository-metadata-3.1.0.jar:/home/ubuntu/.m2/repository/org/apache/maven/maven-model-builder/3.1.0/maven-model-builder-3.1.0.jar:/home/ubuntu/.m2/repository/org/apache/maven/maven-aether-provider/3.1.0/maven-aether-provider-3.1.0.jar:/home/ubuntu/.m2/repository/org/eclipse/aether/aether-spi/0.9.0.M2/aether-spi-0.9.0.M2.jar:/home/ubuntu/.m2/repository/org/eclipse/aether/aether-impl/0.9.0.M2/aether-impl-0.9.0.M2.jar:/home/ubuntu/.m2/repository/org/eclipse/sisu/org.eclipse.sisu.plexus/0.0.0.M2a/org.eclipse.sisu.plexus-0.0.0.M2a.jar:/home/ubuntu/.m2/repository/javax/enterprise/cdi-api/1.0/cdi-api-1.0.jar:/home/ubuntu/.m2/repository/javax/annotation/jsr250-api/1.0/jsr250-api-1.0.jar:/home/ubuntu/.m2/repository/javax/inject/javax.inject/1/javax.inject-1.jar:/home/ubuntu/.m2/repository/org/sonatype/sisu/sisu-guice/3.1.0/sisu-guice-3.1.0-no_aop.jar:/home/ubuntu/.m2/repository/aopalliance/aopalliance/1.0/aopalliance-1.0.jar:/home/ubuntu/.m2/repository/org/eclipse/sisu/org.eclipse.sisu.inject/0.0.0.M2a/org.eclipse.sisu.inject-0.0.0.M2a.jar:/home/ubuntu/.m2/repository/asm/asm/3.3.1/asm-3.3.1.jar:/home/ubuntu/.m2/repository/org/codehaus/plexus/plexus-interpolation/1.16/plexus-interpolation-1.16.jar:/home/ubuntu/.m2/repository/org/codehaus/plexus/plexus-classworlds/2.4.2/plexus-classworlds-2.4.2.jar:/home/ubuntu/.m2/repository/org/codehaus/plexus/plexus-component-annotations/1.5.5/plexus-component-annotations-1.5.5.jar:/home/ubuntu/.m2/repository/org/sonatype/plexus/plexus-sec-dispatcher/1.3/plexus-sec-dispatcher-1.3.jar:/home/ubuntu/.m2/repository/org/sonatype/plexus/plexus-cipher/1.4/plexus-cipher-1.4.jar:/home/ubuntu/.m2/repository/org/apache/maven/maven-plugin-api/3.1.0/maven-plugin-api-3.1.0.jar:/home/ubuntu/.m2/repository/commons-io/commons-io/2.6/commons-io-2.6.jar:/home/ubuntu/.m2/repository/org/codehaus/plexus/plexus-java/1.2.0/plexus-java-1.2.0.jar:/home/ubuntu/.m2/repository/org/ow2/asm/asm/9.6/asm-9.6.jar:/home/ubuntu/.m2/repository/com/thoughtworks/qdox/qdox/2.0.3/qdox-2.0.3.jar:/home/ubuntu/.m2/repository/org/apache/maven/surefire/surefire-shared-utils/3.2.5/surefire-shared-utils-3.2.5.jar:/home/ubuntu/.m2/repository/io/cucumber/cucumber-java/7.15.0/cucumber-java-7.15.0.jar:/home/ubuntu/.m2/repository/io/cucumber/cucumber-core/7.15.0/cucumber-core-7.15.0.jar:/home/ubuntu/.m2/repository/io/cucumber/cucumber-gherkin/7.15.0/cucumber-gherkin-7.15.0.jar:/home/ubuntu/.m2/repository/io/cucumber/cucumber-gherkin-messages/7.15.0/cucumber-gherkin-messages-7.15.0.jar:/home/ubuntu/.m2/repository/io/cucumber/gherkin/26.2.0/gherkin-26.2.0.jar:/home/ubuntu/.m2/repository/io/cucumber/messages/22.0.0/messages-22.0.0.jar:/home/ubuntu/.m2/repository/io/cucumber/tag-expressions/6.0.0/tag-expressions-6.0.0.jar:/home/ubuntu/.m2/repository/io/cucumber/cucumber-expressions/17.0.1/cucumber-expressions-17.0.1.jar:/home/ubuntu/.m2/repository/io/cucumber/datatable/7.15.0/datatable-7.15.0.jar:/home/ubuntu/.m2/repository/io/cucumber/docstring/7.15.0/docstring-7.15.0.jar:/home/ubuntu/.m2/repository/io/cucumber/html-formatter/20.4.0/html-formatter-20.4.0.jar:/home/ubuntu/.m2/repository/io/cucumber/junit-xml-formatter/0.2.0/junit-xml-formatter-0.2.0.jar:/home/ubuntu/.m2/repository/io/cucumber/ci-environment/10.0.0/ci-environment-10.0.0.jar:/home/ubuntu/.m2/repository/org/apiguardian/apiguardian-api/1.1.2/apiguardian-api-1.1.2.jar:/home/ubuntu/.m2/repository/io/cucumber/cucumber-plugin/7.15.0/cucumber-plugin-7.15.0.jar:/home/ubuntu/.m2/repository/junit/junit/4.13.2/junit-4.13.2.jar:/home/ubuntu/.m2/repository/org/hamcrest/hamcrest-core/1.3/hamcrest-core-1.3.jar:/home/ubuntu/.m2/repository/io/cucumber/cucumber-junit/7.15.0/cucumber-junit-7.15.0.jar:"/>
    <property name="java.vm.vendor" value="Ubuntu"/>
    <property name="sun.arch.data.model" value="64"/>
    <property name="java.vendor.url" value="https://ubuntu.com/"/>
    <property name="user.timezone" value=""/>
    <property name="java.vm.specification.version" value="11"/>
    <property name="os.name" value="Linux"/>
    <property name="sun.java.launcher" value="SUN_STANDARD"/>
    <property name="user.country" value="ES"/>
    <property name="sun.boot.library.path" value="/usr/lib/jvm/java-11-openjdk-amd64/lib"/>
    <property name="sun.java.command" value="/home/ubuntu/Proyectos/PruebasJenkins/PracticaSEL/target/surefire/surefirebooter-20240221140525813_3.jar /home/ubuntu/Proyectos/PruebasJenkins/PracticaSEL/target/surefire 2024-02-21T14-05-25_619-jvmRun1 surefire-20240221140525813_1tmp surefire_0-20240221140525813_2tmp"/>
    <property name="jdk.debug" value="release"/>
    <property name="surefire.test.class.path" value="/home/ubuntu/Proyectos/PruebasJenkins/PracticaSEL/target/test-classes:/home/ubuntu/Proyectos/PruebasJenkins/PracticaSEL/target/classes:/home/ubuntu/.m2/repository/org/seleniumhq/selenium/selenium-java/4.18.0/selenium-java-4.18.0.jar:/home/ubuntu/.m2/repository/org/seleniumhq/selenium/selenium-api/4.18.0/selenium-api-4.18.0.jar:/home/ubuntu/.m2/repository/org/seleniumhq/selenium/selenium-chrome-driver/4.18.0/selenium-chrome-driver-4.18.0.jar:/home/ubuntu/.m2/repository/com/google/auto/service/auto-service-annotations/1.1.1/auto-service-annotations-1.1.1.jar:/home/ubuntu/.m2/repository/org/seleniumhq/selenium/selenium-chromium-driver/4.18.0/selenium-chromium-driver-4.18.0.jar:/home/ubuntu/.m2/repository/org/seleniumhq/selenium/selenium-json/4.18.0/selenium-json-4.18.0.jar:/home/ubuntu/.m2/repository/org/seleniumhq/selenium/selenium-manager/4.18.0/selenium-manager-4.18.0.jar:/home/ubuntu/.m2/repository/org/seleniumhq/selenium/selenium-devtools-v119/4.18.0/selenium-devtools-v119-4.18.0.jar:/home/ubuntu/.m2/repository/org/seleniumhq/selenium/selenium-devtools-v120/4.18.0/selenium-devtools-v120-4.18.0.jar:/home/ubuntu/.m2/repository/org/seleniumhq/selenium/selenium-devtools-v121/4.18.0/selenium-devtools-v121-4.18.0.jar:/home/ubuntu/.m2/repository/org/seleniumhq/selenium/selenium-devtools-v85/4.18.0/selenium-devtools-v85-4.18.0.jar:/home/ubuntu/.m2/repository/org/seleniumhq/selenium/selenium-edge-driver/4.18.0/selenium-edge-driver-4.18.0.jar:/home/ubuntu/.m2/repository/org/seleniumhq/selenium/selenium-firefox-driver/4.18.0/selenium-firefox-driver-4.18.0.jar:/home/ubuntu/.m2/repository/org/seleniumhq/selenium/selenium-http/4.18.0/selenium-http-4.18.0.jar:/home/ubuntu/.m2/repository/dev/failsafe/failsafe/3.3.2/failsafe-3.3.2.jar:/home/ubuntu/.m2/repository/org/seleniumhq/selenium/selenium-ie-driver/4.18.0/selenium-ie-driver-4.18.0.jar:/home/ubuntu/.m2/repository/org/seleniumhq/selenium/selenium-remote-driver/4.18.0/selenium-remote-driver-4.18.0.jar:/home/ubuntu/.m2/repository/com/google/guava/guava/33.0.0-jre/guava-33.0.0-jre.jar:/home/ubuntu/.m2/repository/com/google/guava/failureaccess/1.0.2/failureaccess-1.0.2.jar:/home/ubuntu/.m2/repository/com/google/guava/listenablefuture/9999.0-empty-to-avoid-conflict-with-guava/listenablefuture-9999.0-empty-to-avoid-conflict-with-guava.jar:/home/ubuntu/.m2/repository/com/google/code/findbugs/jsr305/3.0.2/jsr305-3.0.2.jar:/home/ubuntu/.m2/repository/org/checkerframework/checker-qual/3.41.0/checker-qual-3.41.0.jar:/home/ubuntu/.m2/repository/com/google/errorprone/error_prone_annotations/2.23.0/error_prone_annotations-2.23.0.jar:/home/ubuntu/.m2/repository/com/google/j2objc/j2objc-annotations/2.8/j2objc-annotations-2.8.jar:/home/ubuntu/.m2/repository/io/opentelemetry/semconv/opentelemetry-semconv/1.23.1-alpha/opentelemetry-semconv-1.23.1-alpha.jar:/home/ubuntu/.m2/repository/io/opentelemetry/opentelemetry-api/1.35.0/opentelemetry-api-1.35.0.jar:/home/ubuntu/.m2/repository/io/opentelemetry/opentelemetry-context/1.35.0/opentelemetry-context-1.35.0.jar:/home/ubuntu/.m2/repository/io/opentelemetry/opentelemetry-exporter-logging/1.35.0/opentelemetry-exporter-logging-1.35.0.jar:/home/ubuntu/.m2/repository/io/opentelemetry/opentelemetry-sdk-common/1.35.0/opentelemetry-sdk-common-1.35.0.jar:/home/ubuntu/.m2/repository/io/opentelemetry/opentelemetry-sdk-extension-autoconfigure-spi/1.35.0/opentelemetry-sdk-extension-autoconfigure-spi-1.35.0.jar:/home/ubuntu/.m2/repository/io/opentelemetry/opentelemetry-sdk-extension-autoconfigure/1.35.0/opentelemetry-sdk-extension-autoconfigure-1.35.0.jar:/home/ubuntu/.m2/repository/io/opentelemetry/opentelemetry-api-events/1.35.0-alpha/opentelemetry-api-events-1.35.0-alpha.jar:/home/ubuntu/.m2/repository/io/opentelemetry/opentelemetry-sdk-trace/1.35.0/opentelemetry-sdk-trace-1.35.0.jar:/home/ubuntu/.m2/repository/io/opentelemetry/opentelemetry-extension-incubator/1.35.0-alpha/opentelemetry-extension-incubator-1.35.0-alpha.jar:/home/ubuntu/.m2/repository/io/opentelemetry/opentelemetry-sdk/1.35.0/opentelemetry-sdk-1.35.0.jar:/home/ubuntu/.m2/repository/io/opentelemetry/opentelemetry-sdk-metrics/1.35.0/opentelemetry-sdk-metrics-1.35.0.jar:/home/ubuntu/.m2/repository/io/opentelemetry/opentelemetry-sdk-logs/1.35.0/opentelemetry-sdk-logs-1.35.0.jar:/home/ubuntu/.m2/repository/net/bytebuddy/byte-buddy/1.14.12/byte-buddy-1.14.12.jar:/home/ubuntu/.m2/repository/org/seleniumhq/selenium/selenium-os/4.18.0/selenium-os-4.18.0.jar:/home/ubuntu/.m2/repository/org/apache/commons/commons-exec/1.3/commons-exec-1.3.jar:/home/ubuntu/.m2/repository/org/seleniumhq/selenium/selenium-safari-driver/4.18.0/selenium-safari-driver-4.18.0.jar:/home/ubuntu/.m2/repository/org/seleniumhq/selenium/selenium-support/4.18.0/selenium-support-4.18.0.jar:/home/ubuntu/.m2/repository/org/apache/maven/plugins/maven-surefire-plugin/3.2.5/maven-surefire-plugin-3.2.5.jar:/home/ubuntu/.m2/repository/org/apache/maven/surefire/maven-surefire-common/3.2.5/maven-surefire-common-3.2.5.jar:/home/ubuntu/.m2/repository/org/apache/maven/surefire/surefire-api/3.2.5/surefire-api-3.2.5.jar:/home/ubuntu/.m2/repository/org/apache/maven/surefire/surefire-logger-api/3.2.5/surefire-logger-api-3.2.5.jar:/home/ubuntu/.m2/repository/org/apache/maven/surefire/surefire-extensions-api/3.2.5/surefire-extensions-api-3.2.5.jar:/home/ubuntu/.m2/repository/org/apache/maven/surefire/surefire-booter/3.2.5/surefire-booter-3.2.5.jar:/home/ubuntu/.m2/repository/org/apache/maven/surefire/surefire-extensions-spi/3.2.5/surefire-extensions-spi-3.2.5.jar:/home/ubuntu/.m2/repository/org/eclipse/aether/aether-util/1.0.0.v20140518/aether-util-1.0.0.v20140518.jar:/home/ubuntu/.m2/repository/org/eclipse/aether/aether-api/1.0.0.v20140518/aether-api-1.0.0.v20140518.jar:/home/ubuntu/.m2/repository/org/apache/maven/shared/maven-common-artifact-filters/3.1.1/maven-common-artifact-filters-3.1.1.jar:/home/ubuntu/.m2/repository/org/apache/maven/maven-artifact/3.1.0/maven-artifact-3.1.0.jar:/home/ubuntu/.m2/repository/org/codehaus/plexus/plexus-utils/3.0.10/plexus-utils-3.0.10.jar:/home/ubuntu/.m2/repository/org/apache/maven/maven-core/3.1.0/maven-core-3.1.0.jar:/home/ubuntu/.m2/repository/org/apache/maven/maven-settings/3.1.0/maven-settings-3.1.0.jar:/home/ubuntu/.m2/repository/org/apache/maven/maven-settings-builder/3.1.0/maven-settings-builder-3.1.0.jar:/home/ubuntu/.m2/repository/org/apache/maven/maven-repository-metadata/3.1.0/maven-repository-metadata-3.1.0.jar:/home/ubuntu/.m2/repository/org/apache/maven/maven-model-builder/3.1.0/maven-model-builder-3.1.0.jar:/home/ubuntu/.m2/repository/org/apache/maven/maven-aether-provider/3.1.0/maven-aether-provider-3.1.0.jar:/home/ubuntu/.m2/repository/org/eclipse/aether/aether-spi/0.9.0.M2/aether-spi-0.9.0.M2.jar:/home/ubuntu/.m2/repository/org/eclipse/aether/aether-impl/0.9.0.M2/aether-impl-0.9.0.M2.jar:/home/ubuntu/.m2/repository/org/eclipse/sisu/org.eclipse.sisu.plexus/0.0.0.M2a/org.eclipse.sisu.plexus-0.0.0.M2a.jar:/home/ubuntu/.m2/repository/javax/enterprise/cdi-api/1.0/cdi-api-1.0.jar:/home/ubuntu/.m2/repository/javax/annotation/jsr250-api/1.0/jsr250-api-1.0.jar:/home/ubuntu/.m2/repository/javax/inject/javax.inject/1/javax.inject-1.jar:/home/ubuntu/.m2/repository/org/sonatype/sisu/sisu-guice/3.1.0/sisu-guice-3.1.0-no_aop.jar:/home/ubuntu/.m2/repository/aopalliance/aopalliance/1.0/aopalliance-1.0.jar:/home/ubuntu/.m2/repository/org/eclipse/sisu/org.eclipse.sisu.inject/0.0.0.M2a/org.eclipse.sisu.inject-0.0.0.M2a.jar:/home/ubuntu/.m2/repository/asm/asm/3.3.1/asm-3.3.1.jar:/home/ubuntu/.m2/repository/org/codehaus/plexus/plexus-interpolation/1.16/plexus-interpolation-1.16.jar:/home/ubuntu/.m2/repository/org/codehaus/plexus/plexus-classworlds/2.4.2/plexus-classworlds-2.4.2.jar:/home/ubuntu/.m2/repository/org/codehaus/plexus/plexus-component-annotations/1.5.5/plexus-component-annotations-1.5.5.jar:/home/ubuntu/.m2/repository/org/sonatype/plexus/plexus-sec-dispatcher/1.3/plexus-sec-dispatcher-1.3.jar:/home/ubuntu/.m2/repository/org/sonatype/plexus/plexus-cipher/1.4/plexus-cipher-1.4.jar:/home/ubuntu/.m2/repository/org/apache/maven/maven-plugin-api/3.1.0/maven-plugin-api-3.1.0.jar:/home/ubuntu/.m2/repository/commons-io/commons-io/2.6/commons-io-2.6.jar:/home/ubuntu/.m2/repository/org/codehaus/plexus/plexus-java/1.2.0/plexus-java-1.2.0.jar:/home/ubuntu/.m2/repository/org/ow2/asm/asm/9.6/asm-9.6.jar:/home/ubuntu/.m2/repository/com/thoughtworks/qdox/qdox/2.0.3/qdox-2.0.3.jar:/home/ubuntu/.m2/repository/org/apache/maven/surefire/surefire-shared-utils/3.2.5/surefire-shared-utils-3.2.5.jar:/home/ubuntu/.m2/repository/io/cucumber/cucumber-java/7.15.0/cucumber-java-7.15.0.jar:/home/ubuntu/.m2/repository/io/cucumber/cucumber-core/7.15.0/cucumber-core-7.15.0.jar:/home/ubuntu/.m2/repository/io/cucumber/cucumber-gherkin/7.15.0/cucumber-gherkin-7.15.0.jar:/home/ubuntu/.m2/repository/io/cucumber/cucumber-gherkin-messages/7.15.0/cucumber-gherkin-messages-7.15.0.jar:/home/ubuntu/.m2/repository/io/cucumber/gherkin/26.2.0/gherkin-26.2.0.jar:/home/ubuntu/.m2/repository/io/cucumber/messages/22.0.0/messages-22.0.0.jar:/home/ubuntu/.m2/repository/io/cucumber/tag-expressions/6.0.0/tag-expressions-6.0.0.jar:/home/ubuntu/.m2/repository/io/cucumber/cucumber-expressions/17.0.1/cucumber-expressions-17.0.1.jar:/home/ubuntu/.m2/repository/io/cucumber/datatable/7.15.0/datatable-7.15.0.jar:/home/ubuntu/.m2/repository/io/cucumber/docstring/7.15.0/docstring-7.15.0.jar:/home/ubuntu/.m2/repository/io/cucumber/html-formatter/20.4.0/html-formatter-20.4.0.jar:/home/ubuntu/.m2/repository/io/cucumber/junit-xml-formatter/0.2.0/junit-xml-formatter-0.2.0.jar:/home/ubuntu/.m2/repository/io/cucumber/ci-environment/10.0.0/ci-environment-10.0.0.jar:/home/ubuntu/.m2/repository/org/apiguardian/apiguardian-api/1.1.2/apiguardian-api-1.1.2.jar:/home/ubuntu/.m2/repository/io/cucumber/cucumber-plugin/7.15.0/cucumber-plugin-7.15.0.jar:/home/ubuntu/.m2/repository/junit/junit/4.13.2/junit-4.13.2.jar:/home/ubuntu/.m2/repository/org/hamcrest/hamcrest-core/1.3/hamcrest-core-1.3.jar:/home/ubuntu/.m2/repository/io/cucumber/cucumber-junit/7.15.0/cucumber-junit-7.15.0.jar:"/>
    <property name="sun.cpu.endian" value="little"/>
    <property name="user.home" value="/home/ubuntu"/>
    <property name="user.language" value="es"/>
    <property name="java.specification.vendor" value="Oracle Corporation"/>
    <property name="java.version.date" value="2023-10-17"/>
    <property name="java.home" value="/usr/lib/jvm/java-11-openjdk-amd64"/>
    <property name="file.separator" value="/"/>
    <property name="basedir" value="/home/ubuntu/Proyectos/PruebasJenkins/PracticaSEL"/>
    <property name="java.vm.compressedOopsMode" value="32-bit"/>
    <property name="line.separator" value="&#10;"/>
    <property name="java.specification.name" value="Java Platform API Specification"/>
    <property name="java.vm.specification.vendor" value="Oracle Corporation"/>
    <property name="java.awt.graphicsenv" value="sun.awt.X11GraphicsEnvironment"/>
    <property name="surefire.real.class.path" value="/home/ubuntu/Proyectos/PruebasJenkins/PracticaSEL/target/surefire/surefirebooter-20240221140525813_3.jar"/>
    <property name="sun.management.compiler" value="HotSpot 64-Bit Tiered Compilers"/>
    <property name="java.runtime.version" value="11.0.21+9-post-Ubuntu-0ubuntu122.04"/>
    <property name="user.name" value="ubuntu"/>
    <property name="path.separator" value=":"/>
    <property name="os.version" value="6.5.0-18-generic"/>
    <property name="java.runtime.name" value="OpenJDK Runtime Environment"/>
    <property name="file.encoding" value="UTF-8"/>
    <property name="java.vm.name" value="OpenJDK 64-Bit Server VM"/>
    <property name="localRepository" value="/home/ubuntu/.m2/repository"/>
    <property name="java.vendor.url.bug" value="https://bugs.launchpad.net/ubuntu/+source/openjdk-lts"/>
    <property name="java.io.tmpdir" value="/tmp"/>
    <property name="idea.version" value="2023.3.4"/>
    <property name="java.version" value="11.0.21"/>
    <property name="user.dir" value="/home/ubuntu/Proyectos/PruebasJenkins/PracticaSEL"/>
    <property name="os.arch" value="amd64"/>
    <property name="java.vm.specification.name" value="Java Virtual Machine Specification"/>
    <property name="java.awt.printerjob" value="sun.print.PSPrinterJob"/>
    <property name="sun.os.patch.level" value="unknown"/>
    <property name="java.library.path" value="/usr/java/packages/lib:/usr/lib/x86_64-linux-gnu/jni:/lib/x86_64-linux-gnu:/usr/lib/x86_64-linux-gnu:/usr/lib/jni:/lib:/usr/lib"/>
    <property name="java.vm.info" value="mixed mode, sharing"/>
    <property name="java.vendor" value="Ubuntu"/>
    <property name="java.vm.version" value="11.0.21+9-post-Ubuntu-0ubuntu122.04"/>
    <property name="java.specification.maintenance.version" value="2"/>
    <property name="sun.io.unicode.encoding" value="UnicodeLittle"/>
    <property name="java.class.version" value="55.0"/>
  </properties>
  <testcase name="As a user I enter a search criteria in Google" classname="Test Google search functionality" time="7.297">
    <system-out><![CDATA[fds
fds
fds
]]></system-out>
    <system-err><![CDATA[feb. 21, 2024 2:05:29 P. M. org.openqa.selenium.devtools.CdpVersionFinder findNearestMatch
ADVERTENCIA: Unable to find an exact match for CDP version 122, returning the closest version; found: 121; Please update to a Selenium version that supports CDP version 122
]]></system-err>
  </testcase>
</testsuite>